Using pre-set license
Built from '2020.3/support/zd130524' branch; Version is '2020.3.36f1 (71f96b79b9f0) revision 7469419'; Using compiler version '192528614'; Build Type 'Release'
OS: 'Windows 10  (10.0.19045) 64bit Professional' Language: 'ko' Physical Memory: 16273 MB
BatchMode: 1, IsHumanControllingUs: 0, StartBugReporterOnCrash: 0, Is64bit: 1, IsPro: 0

COMMAND LINE ARGUMENTS:
C:\Program Files\Unity\Hub\Editor\2020.3.36f1\Editor\Unity.exe
-adb2
-batchMode
-noUpm
-name
AssetImportWorker0
-projectPath
C:/Users/KGA/Documents/GitHub/HLK2DProject/HLK2DProject
-logFile
Logs/AssetImportWorker0.log
-srvPort
58532
Successfully changed project path to: C:/Users/KGA/Documents/GitHub/HLK2DProject/HLK2DProject
C:/Users/KGA/Documents/GitHub/HLK2DProject/HLK2DProject
Using Asset Import Pipeline V2.
Refreshing native plugins compatible for Editor in 64.41 ms, found 3 plugins.
Preloading 0 native plugins for Editor in 0.00 ms.
Initialize engine version: 2020.3.36f1 (71f96b79b9f0)
[Subsystems] Discovering subsystems at path C:/Program Files/Unity/Hub/Editor/2020.3.36f1/Editor/Data/Resources/UnitySubsystems
[Subsystems] Discovering subsystems at path C:/Users/KGA/Documents/GitHub/HLK2DProject/HLK2DProject/Assets
GfxDevice: creating device client; threaded=0
Direct3D:
    Version:  Direct3D 11.0 [level 11.1]
    Renderer: AMD Radeon RX 6500 XT (ID=0x743f)
    Vendor:   
    VRAM:     4051 MB
    Driver:   30.0.14023.3004
Initialize mono
Mono path[0] = 'C:/Program Files/Unity/Hub/Editor/2020.3.36f1/Editor/Data/Managed'
Mono path[1] = 'C:/Program Files/Unity/Hub/Editor/2020.3.36f1/Editor/Data/MonoBleedingEdge/lib/mono/unityjit'
Mono config path = 'C:/Program Files/Unity/Hub/Editor/2020.3.36f1/Editor/Data/MonoBleedingEdge/etc'
Using monoOptions --debugger-agent=transport=dt_socket,embedding=1,server=y,suspend=n,address=127.0.0.1:56040
Begin MonoManager ReloadAssembly
Registering precompiled unity dll's ...
Register platform support module: C:/Program Files/Unity/Hub/Editor/2020.3.36f1/Editor/Data/PlaybackEngines/WindowsStandaloneSupport/UnityEditor.WindowsStandalone.Extensions.dll
Registered in 0.002283 seconds.
Native extension for WindowsStandalone target not found
Refreshing native plugins compatible for Editor in 65.61 ms, found 3 plugins.
Preloading 0 native plugins for Editor in 0.00 ms.
Mono: successfully reloaded assembly
- Completed reload, in  0.465 seconds
Domain Reload Profiling:
	ReloadAssembly (465ms)
		BeginReloadAssembly (52ms)
			ExecutionOrderSort (0ms)
			DisableScriptedObjects (0ms)
			BackupInstance (0ms)
			ReleaseScriptingObjects (0ms)
			CreateAndSetChildDomain (1ms)
		EndReloadAssembly (355ms)
			LoadAssemblies (50ms)
			RebuildTransferFunctionScriptingTraits (0ms)
			SetupTypeCache (97ms)
			ReleaseScriptCaches (0ms)
			RebuildScriptCaches (20ms)
			SetupLoadedEditorAssemblies (158ms)
				LogAssemblyErrors (0ms)
				InitializePlatformSupportModulesInManaged (4ms)
				SetLoadedEditorAssemblies (0ms)
				RefreshPlugins (66ms)
				BeforeProcessingInitializeOnLoad (12ms)
				ProcessInitializeOnLoadAttributes (57ms)
				ProcessInitializeOnLoadMethodAttributes (19ms)
				AfterProcessingInitializeOnLoad (0ms)
				EditorAssembliesLoaded (0ms)
			ExecutionOrderSort2 (0ms)
			AwakeInstancesAfterBackupRestoration (0ms)
Platform modules already initialized, skipping
Registering precompiled user dll's ...
Registered in 0.008608 seconds.
Begin MonoManager ReloadAssembly
Native extension for WindowsStandalone target not found
Refreshing native plugins compatible for Editor in 68.77 ms, found 3 plugins.
Preloading 0 native plugins for Editor in 0.00 ms.
Mono: successfully reloaded assembly
- Completed reload, in  0.872 seconds
Domain Reload Profiling:
	ReloadAssembly (873ms)
		BeginReloadAssembly (113ms)
			ExecutionOrderSort (0ms)
			DisableScriptedObjects (4ms)
			BackupInstance (0ms)
			ReleaseScriptingObjects (0ms)
			CreateAndSetChildDomain (17ms)
		EndReloadAssembly (709ms)
			LoadAssemblies (86ms)
			RebuildTransferFunctionScriptingTraits (0ms)
			SetupTypeCache (201ms)
			ReleaseScriptCaches (0ms)
			RebuildScriptCaches (33ms)
			SetupLoadedEditorAssemblies (313ms)
				LogAssemblyErrors (0ms)
				InitializePlatformSupportModulesInManaged (3ms)
				SetLoadedEditorAssemblies (0ms)
				RefreshPlugins (69ms)
				BeforeProcessingInitializeOnLoad (72ms)
				ProcessInitializeOnLoadAttributes (144ms)
				ProcessInitializeOnLoadMethodAttributes (16ms)
				AfterProcessingInitializeOnLoad (8ms)
				EditorAssembliesLoaded (0ms)
			ExecutionOrderSort2 (0ms)
			AwakeInstancesAfterBackupRestoration (1ms)
Platform modules already initialized, skipping
========================================================================
Worker process is ready to serve import requests
Launched and connected shader compiler UnityShaderCompiler.exe after 0.03 seconds
Refreshing native plugins compatible for Editor in 0.94 ms, found 3 plugins.
Preloading 0 native plugins for Editor in 0.00 ms.
Unloading 2213 Unused Serialized files (Serialized files now loaded: 0)
System memory in use before: 100.0 MB.
System memory in use after: 99.9 MB.

Unloading 39 unused Assets to reduce memory usage. Loaded Objects now: 2636.
Total: 2.479800 ms (FindLiveObjects: 0.135700 ms CreateObjectMapping: 0.055000 ms MarkObjects: 2.170000 ms  DeleteObjects: 0.118600 ms)

AssetImportParameters requested are different than current active one (requested -> active):
  custom:framework-win-MediaFoundation: 216162199b28c13a410421893ffa2e32 -> 
  custom:video-decoder-ogg-theora: a1e56fd34408186e4bbccfd4996cb3dc -> 
  custom:container-muxer-webm: aa71ff27fc2769a1b78a27578f13a17b -> 
  custom:container-demuxer-webm: 4f35f7cbe854078d1ac9338744f61a02 -> 
  custom:container-demuxer-ogg: 62fdf1f143b41e24485cea50d1cbac27 -> 
  custom:video-encoder-webm-vp8: eb34c28f22e8b96e1ab97ce403110664 -> 
  custom:video-decoder-webm-vp8: 9c59270c3fd7afecdb556c50c9e8de78 -> 
  custom:audio-decoder-ogg-vorbis: bf7c407c2cedff20999df2af8eb42d56 -> 
  custom:audio-encoder-webm-vorbis: bf7c407c2cedff20999df2af8eb42d56 -> 
========================================================================
Received Import Request.
  path: Assets/Resources
  artifactKey: Guid(15e78bb950116e247b1e881c28812bfd) Importer(815301076,1909f56bfc062723c751e8b465ee728b)
Start importing Assets/Resources using Guid(15e78bb950116e247b1e881c28812bfd) Importer(815301076,1909f56bfc062723c751e8b465ee728b)  -> (artifact id: '20a1e5f4cc4046e12c5c7c93f375f4a5') in 0.010002 seconds 
========================================================================
Received Import Request.
  Time since last request: 0.000123 seconds.
  path: Assets/Project A Resources/Condition
  artifactKey: Guid(8af4d7bf74d85604fb92ced35e07d08a) Importer(815301076,1909f56bfc062723c751e8b465ee728b)
Start importing Assets/Project A Resources/Condition using Guid(8af4d7bf74d85604fb92ced35e07d08a) Importer(815301076,1909f56bfc062723c751e8b465ee728b)  -> (artifact id: '62bbdb31cbea69be1c3c00c7c76ec8b7') in 0.007254 seconds 
========================================================================
Received Import Request.
  Time since last request: 0.906768 seconds.
  path: Assets/Project A Resources/BackGround_Tile/16x16_Fantasy Swamp Forest/Free
  artifactKey: Guid(4dcf6dfb66eb11e4ca074ee64ca8fffe) Importer(815301076,1909f56bfc062723c751e8b465ee728b)
Start importing Assets/Project A Resources/BackGround_Tile/16x16_Fantasy Swamp Forest/Free using Guid(4dcf6dfb66eb11e4ca074ee64ca8fffe) Importer(815301076,1909f56bfc062723c751e8b465ee728b)  -> (artifact id: '58a7090cda57209578f2fc97d5ee95f7') in 0.007587 seconds 
========================================================================
Received Import Request.
  Time since last request: 0.837844 seconds.
  path: Assets/Project A Resources/BackGround_Tile/16x16_Fantasy Swamp Forest/Free/BG_1
  artifactKey: Guid(b2ef57572a7c5014581b77addd1f32e9) Importer(815301076,1909f56bfc062723c751e8b465ee728b)
Start importing Assets/Project A Resources/BackGround_Tile/16x16_Fantasy Swamp Forest/Free/BG_1 using Guid(b2ef57572a7c5014581b77addd1f32e9) Importer(815301076,1909f56bfc062723c751e8b465ee728b)  -> (artifact id: 'e1fc9ab4fe110be36057fd75b4e88978') in 0.007694 seconds 
========================================================================
Received Import Request.
  Time since last request: 0.856530 seconds.
  path: Assets/Project A Resources/BackGround_Tile/16x16_Fantasy Swamp Forest/Free/BG_1/BG_1.png
  artifactKey: Guid(2d95778ec8a83884eb10684804bef962) Importer(815301076,1909f56bfc062723c751e8b465ee728b)
Start importing Assets/Project A Resources/BackGround_Tile/16x16_Fantasy Swamp Forest/Free/BG_1/BG_1.png using Guid(2d95778ec8a83884eb10684804bef962) Importer(815301076,1909f56bfc062723c751e8b465ee728b)  -> (artifact id: 'b70399878e9016066a51adaf429c4ecb') in 0.113213 seconds 
========================================================================
Received Import Request.
  Time since last request: 95.725232 seconds.
  path: Assets/Project A Resources/BackGround_Tile/16x16_Fantasy Swamp Forest/Free/BG_2/BG_2.png
  artifactKey: Guid(3b76dec0962aa9b4da61315b32a25d99) Importer(815301076,1909f56bfc062723c751e8b465ee728b)
Start importing Assets/Project A Resources/BackGround_Tile/16x16_Fantasy Swamp Forest/Free/BG_2/BG_2.png using Guid(3b76dec0962aa9b4da61315b32a25d99) Importer(815301076,1909f56bfc062723c751e8b465ee728b)  -> (artifact id: '3e4bf6b914e79a7ac03a679dc89293b4') in 0.015189 seconds 
========================================================================
Received Import Request.
  Time since last request: 9.184068 seconds.
  path: Assets/Project A Resources/BackGround_Tile/16x16_Fantasy Swamp Forest/Free/BG_1/BG_1.png
  artifactKey: Guid(2d95778ec8a83884eb10684804bef962) Importer(815301076,1909f56bfc062723c751e8b465ee728b)
Start importing Assets/Project A Resources/BackGround_Tile/16x16_Fantasy Swamp Forest/Free/BG_1/BG_1.png using Guid(2d95778ec8a83884eb10684804bef962) Importer(815301076,1909f56bfc062723c751e8b465ee728b)  -> (artifact id: '2e19c036c2b845ed01ff39c0e923e2e2') in 0.012847 seconds 
========================================================================
Received Import Request.
  Time since last request: 69.915633 seconds.
  path: Assets/1.Scene
  artifactKey: Guid(563c4c20cd37b1e4882d3f4bab807dcc) Importer(815301076,1909f56bfc062723c751e8b465ee728b)
Start importing Assets/1.Scene using Guid(563c4c20cd37b1e4882d3f4bab807dcc) Importer(815301076,1909f56bfc062723c751e8b465ee728b)  -> (artifact id: '71055185d40a27ed77610e108af305e9') in 0.007972 seconds 
========================================================================
Received Import Request.
  Time since last request: 5.422119 seconds.
  path: Assets/1.Scene/New Folder
  artifactKey: Guid(996d3b43183d14c47a2f455ea85315f6) Importer(815301076,1909f56bfc062723c751e8b465ee728b)
Start importing Assets/1.Scene/New Folder using Guid(996d3b43183d14c47a2f455ea85315f6) Importer(815301076,1909f56bfc062723c751e8b465ee728b)  -> (artifact id: '7292b5a2514de26fafe03c6926c8454f') in 0.007468 seconds 
========================================================================
Received Import Request.
  Time since last request: 0.014963 seconds.
  path: Assets/3.Script
  artifactKey: Guid(d29cc45e264f5224599b24e6fb9402f1) Importer(815301076,1909f56bfc062723c751e8b465ee728b)
Start importing Assets/3.Script using Guid(d29cc45e264f5224599b24e6fb9402f1) Importer(815301076,1909f56bfc062723c751e8b465ee728b)  -> (artifact id: '41c1c50ed880f071a87501b76fdc4dbe') in 0.007577 seconds 
========================================================================
Received Import Request.
  Time since last request: 0.839300 seconds.
  path: Assets/1.Scene/SampleScene.unity
  artifactKey: Guid(2cda990e2423bbf4892e6590ba056729) Importer(815301076,1909f56bfc062723c751e8b465ee728b)
Start importing Assets/1.Scene/SampleScene.unity using Guid(2cda990e2423bbf4892e6590ba056729) Importer(815301076,1909f56bfc062723c751e8b465ee728b)  -> (artifact id: 'e0b3ce5ca810cf0a0e279604a1823cf2') in 0.007485 seconds 
========================================================================
Received Import Request.
  Time since last request: 0.565110 seconds.
  path: Assets/2.Model
  artifactKey: Guid(34797d909be0feb4eb1c3a6c40201e05) Importer(815301076,1909f56bfc062723c751e8b465ee728b)
Start importing Assets/2.Model using Guid(34797d909be0feb4eb1c3a6c40201e05) Importer(815301076,1909f56bfc062723c751e8b465ee728b)  -> (artifact id: 'bccac2753f00b213176fca22a91b77a7') in 0.007403 seconds 
========================================================================
Received Import Request.
  Time since last request: 1.197142 seconds.
  path: Assets/Project A Resources
  artifactKey: Guid(3e19970acea66dd408f1adb73e9abc8d) Importer(815301076,1909f56bfc062723c751e8b465ee728b)
Start importing Assets/Project A Resources using Guid(3e19970acea66dd408f1adb73e9abc8d) Importer(815301076,1909f56bfc062723c751e8b465ee728b)  -> (artifact id: 'ea95e7f20bd877c3689ef8539308d0d4') in 0.007734 seconds 
========================================================================
Received Import Request.
  Time since last request: 1.301577 seconds.
  path: Assets/5.Animation
  artifactKey: Guid(c7aebbec7c8ff554ba6bbcd13de9adaa) Importer(815301076,1909f56bfc062723c751e8b465ee728b)
Start importing Assets/5.Animation using Guid(c7aebbec7c8ff554ba6bbcd13de9adaa) Importer(815301076,1909f56bfc062723c751e8b465ee728b)  -> (artifact id: '4306fcae0cefaf38e90ea61315fc4bdd') in 0.007621 seconds 
========================================================================
Received Import Request.
  Time since last request: 0.309640 seconds.
  path: Assets/8.Audio
  artifactKey: Guid(4ef80c004dfebc744967f7b0af106556) Importer(815301076,1909f56bfc062723c751e8b465ee728b)
Start importing Assets/8.Audio using Guid(4ef80c004dfebc744967f7b0af106556) Importer(815301076,1909f56bfc062723c751e8b465ee728b)  -> (artifact id: '93c1fa5ed527a1e6eb0b8b33951904d0') in 0.008089 seconds 
========================================================================
Received Import Request.
  Time since last request: 0.403714 seconds.
  path: Assets/7.PhysiceMaterials
  artifactKey: Guid(052e32006ff043741be585c3ce0fcc39) Importer(815301076,1909f56bfc062723c751e8b465ee728b)
Start importing Assets/7.PhysiceMaterials using Guid(052e32006ff043741be585c3ce0fcc39) Importer(815301076,1909f56bfc062723c751e8b465ee728b)  -> (artifact id: '94e2fd036389844700be029c19922121') in 0.007873 seconds 
========================================================================
Received Import Request.
  Time since last request: 0.309767 seconds.
  path: Assets/6.Materials
  artifactKey: Guid(245c39889f613144c881339c1a8c76b0) Importer(815301076,1909f56bfc062723c751e8b465ee728b)
Start importing Assets/6.Materials using Guid(245c39889f613144c881339c1a8c76b0) Importer(815301076,1909f56bfc062723c751e8b465ee728b)  -> (artifact id: 'de3b78f0c036c73c8deb5cbe2cd89457') in 0.007502 seconds 
========================================================================
Received Import Request.
  Time since last request: 0.588616 seconds.
  path: Assets/4.Sprite
  artifactKey: Guid(7efd3a54f4e048949b0fc337cb509d7a) Importer(815301076,1909f56bfc062723c751e8b465ee728b)
Start importing Assets/4.Sprite using Guid(7efd3a54f4e048949b0fc337cb509d7a) Importer(815301076,1909f56bfc062723c751e8b465ee728b)  -> (artifact id: '27494ef33599f60a42e38c349ff1eba8') in 0.007698 seconds 
========================================================================
Received Import Request.
  Time since last request: 5.671005 seconds.
  path: Assets/1.Scene/HJB
  artifactKey: Guid(996d3b43183d14c47a2f455ea85315f6) Importer(815301076,1909f56bfc062723c751e8b465ee728b)
Start importing Assets/1.Scene/HJB using Guid(996d3b43183d14c47a2f455ea85315f6) Importer(815301076,1909f56bfc062723c751e8b465ee728b)  -> (artifact id: '38bfad3fa1c1adb2ac482bd624f4446b') in 0.007823 seconds 
========================================================================
Received Import Request.
  Time since last request: 25.612162 seconds.
  path: Assets/1.Scene/HJB/1.Scene
  artifactKey: Guid(f72acbc09d3fda4469053eaa320242dc) Importer(815301076,1909f56bfc062723c751e8b465ee728b)
Start importing Assets/1.Scene/HJB/1.Scene using Guid(f72acbc09d3fda4469053eaa320242dc) Importer(815301076,1909f56bfc062723c751e8b465ee728b)  -> (artifact id: '40150d78fb88b16cacbf814ed79e1829') in 0.002091 seconds 
========================================================================
Received Import Request.
  Time since last request: 0.274665 seconds.
  path: Assets/1.Scene/HJB/5.Animation
  artifactKey: Guid(7e3b49ce49af3584594dcda9ebf03201) Importer(815301076,1909f56bfc062723c751e8b465ee728b)
Start importing Assets/1.Scene/HJB/5.Animation using Guid(7e3b49ce49af3584594dcda9ebf03201) Importer(815301076,1909f56bfc062723c751e8b465ee728b)  -> (artifact id: '1a8ab991cc6f76f4d7953a8b53635726') in 0.002913 seconds 
========================================================================
Received Import Request.
  Time since last request: 2.553077 seconds.
  path: Assets/1.Scene/HJB/3.Script
  artifactKey: Guid(40c48765f4eab494a847995ee7aecc34) Importer(815301076,1909f56bfc062723c751e8b465ee728b)
Start importing Assets/1.Scene/HJB/3.Script using Guid(40c48765f4eab494a847995ee7aecc34) Importer(815301076,1909f56bfc062723c751e8b465ee728b)  -> (artifact id: '12b95a0e6c833a7793d8f3be007f26af') in 0.002174 seconds 
========================================================================
Received Import Request.
  Time since last request: 1.026607 seconds.
  path: Assets/1.Scene/HJB/7.PhysiceMaterials
  artifactKey: Guid(ee4d1fb341ad4264384bfcd49bc9d494) Importer(815301076,1909f56bfc062723c751e8b465ee728b)
Start importing Assets/1.Scene/HJB/7.PhysiceMaterials using Guid(ee4d1fb341ad4264384bfcd49bc9d494) Importer(815301076,1909f56bfc062723c751e8b465ee728b)  -> (artifact id: '590904b803f6b63feeb4289e168e1970') in 0.002077 seconds 
========================================================================
Received Import Request.
  Time since last request: 15.174572 seconds.
  path: Assets/1.Scene/HJB/1.Scene/HJB_Secne.unity
  artifactKey: Guid(5e8bf810aab137a4680bbd1a164692da) Importer(815301076,1909f56bfc062723c751e8b465ee728b)
Start importing Assets/1.Scene/HJB/1.Scene/HJB_Secne.unity using Guid(5e8bf810aab137a4680bbd1a164692da) Importer(815301076,1909f56bfc062723c751e8b465ee728b)  -> (artifact id: 'e693982a09cab3ffecc42ca53bda7585') in 0.007875 seconds 
========================================================================
Received Import Request.
  Time since last request: 4.518826 seconds.
  path: Assets/1.Scene/HJB/1.Scene/HJB_Scene.unity
  artifactKey: Guid(5e8bf810aab137a4680bbd1a164692da) Importer(815301076,1909f56bfc062723c751e8b465ee728b)
Start importing Assets/1.Scene/HJB/1.Scene/HJB_Scene.unity using Guid(5e8bf810aab137a4680bbd1a164692da) Importer(815301076,1909f56bfc062723c751e8b465ee728b)  -> (artifact id: '50c370a8915aae380c539c306983229d') in 0.007628 seconds 
========================================================================
Received Import Request.
  Time since last request: 2.047009 seconds.
  path: Assets/1.Scene/HJB/4.Sprite
  artifactKey: Guid(e799c05370c022c47b71df38938adb0c) Importer(815301076,1909f56bfc062723c751e8b465ee728b)
Start importing Assets/1.Scene/HJB/4.Sprite using Guid(e799c05370c022c47b71df38938adb0c) Importer(815301076,1909f56bfc062723c751e8b465ee728b)  -> (artifact id: '774969324a2e2bbd9e42ca6e603a3b65') in 0.002402 seconds 
========================================================================
Received Import Request.
  Time since last request: 1.122143 seconds.
  path: Assets/1.Scene/HJB/6.Materials
  artifactKey: Guid(68346941ed579ae43a1a5c4258699ef7) Importer(815301076,1909f56bfc062723c751e8b465ee728b)
Start importing Assets/1.Scene/HJB/6.Materials using Guid(68346941ed579ae43a1a5c4258699ef7) Importer(815301076,1909f56bfc062723c751e8b465ee728b)  -> (artifact id: 'f23129e0a7a21d55ead5970ce33ecad5') in 0.002087 seconds 
========================================================================
Received Import Request.
  Time since last request: 2.410774 seconds.
  path: Assets/Plugins
  artifactKey: Guid(7b52e67b62d72e34cb3122487b7c5bc9) Importer(815301076,1909f56bfc062723c751e8b465ee728b)
Start importing Assets/Plugins using Guid(7b52e67b62d72e34cb3122487b7c5bc9) Importer(815301076,1909f56bfc062723c751e8b465ee728b)  -> (artifact id: '498a9089ef98cbc7b7db9f8b7debf881') in 0.007962 seconds 
========================================================================
Received Import Request.
  Time since last request: 3.005081 seconds.
  path: Assets/1.Scene/HJB/2.Model/Prefabs
  artifactKey: Guid(680c9ddb4ae809040a67b886336b6393) Importer(815301076,1909f56bfc062723c751e8b465ee728b)
Start importing Assets/1.Scene/HJB/2.Model/Prefabs using Guid(680c9ddb4ae809040a67b886336b6393) Importer(815301076,1909f56bfc062723c751e8b465ee728b)  -> (artifact id: '181238165dd3954d69b02aa1556f3f7f') in 0.007893 seconds 
========================================================================
Received Import Request.
  Time since last request: 10.369640 seconds.
  path: Assets/3.Script/New Folder
  artifactKey: Guid(13d59af3031ea1d4897e41048e826e55) Importer(815301076,1909f56bfc062723c751e8b465ee728b)
Start importing Assets/3.Script/New Folder using Guid(13d59af3031ea1d4897e41048e826e55) Importer(815301076,1909f56bfc062723c751e8b465ee728b)  -> (artifact id: 'f9c59a50173d666a0320ce8fa6989c38') in 0.002292 seconds 
========================================================================
Received Import Request.
  Time since last request: 12.334218 seconds.
  path: Assets/1.Scene/HJB/2.Model/PIpeLine
  artifactKey: Guid(1da8e4bd439b956438d704792a34fc79) Importer(815301076,1909f56bfc062723c751e8b465ee728b)
Start importing Assets/1.Scene/HJB/2.Model/PIpeLine using Guid(1da8e4bd439b956438d704792a34fc79) Importer(815301076,1909f56bfc062723c751e8b465ee728b)  -> (artifact id: '683ff1153ebd17a31689834c4f222670') in 0.009253 seconds 
========================================================================
Received Import Request.
  Time since last request: 25.483181 seconds.
  path: Assets
  artifactKey: Guid(00000000000000001000000000000000) Importer(815301076,1909f56bfc062723c751e8b465ee728b)
Start importing Assets using Guid(00000000000000001000000000000000) Importer(815301076,1909f56bfc062723c751e8b465ee728b)  -> (artifact id: '42d402b061de3733987d63b9cc3b64de') in 0.007721 seconds 
========================================================================
Received Import Request.
  Time since last request: 25.088105 seconds.
  path: Assets/1.Scene/LGY
  artifactKey: Guid(c743a9dd155eb5f4d8fbff5c45a3cbf3) Importer(815301076,1909f56bfc062723c751e8b465ee728b)
Start importing Assets/1.Scene/LGY using Guid(c743a9dd155eb5f4d8fbff5c45a3cbf3) Importer(815301076,1909f56bfc062723c751e8b465ee728b)  -> (artifact id: '40814096498dd9c2d1e21375f3d8822f') in 0.007692 seconds 
========================================================================
Received Import Request.
  Time since last request: 14.570005 seconds.
  path: Assets/1.Scene/LGY/1.Scene
  artifactKey: Guid(03034c529876ec541b1fce531157aaa2) Importer(815301076,1909f56bfc062723c751e8b465ee728b)
Start importing Assets/1.Scene/LGY/1.Scene using Guid(03034c529876ec541b1fce531157aaa2) Importer(815301076,1909f56bfc062723c751e8b465ee728b)  -> (artifact id: 'f838c09f7e8224016c9f6e82f78bb1be') in 0.002228 seconds 
========================================================================
Received Import Request.
  Time since last request: 0.626101 seconds.
  path: Assets/1.Scene/LGY/2.Model
  artifactKey: Guid(65c04fa058f4c904eb4ee432090e85bb) Importer(815301076,1909f56bfc062723c751e8b465ee728b)
Start importing Assets/1.Scene/LGY/2.Model using Guid(65c04fa058f4c904eb4ee432090e85bb) Importer(815301076,1909f56bfc062723c751e8b465ee728b)  -> (artifact id: '4a536c10e1576c9e4c3cfb5ac50cea4d') in 0.002116 seconds 
========================================================================
Received Import Request.
  Time since last request: 13.648555 seconds.
  path: Assets/1.Scene/LGY/1.Scene/LGY_Scene.unity
  artifactKey: Guid(15d4075e38b4a6040a2db158d2052cfc) Importer(815301076,1909f56bfc062723c751e8b465ee728b)
Start importing Assets/1.Scene/LGY/1.Scene/LGY_Scene.unity using Guid(15d4075e38b4a6040a2db158d2052cfc) Importer(815301076,1909f56bfc062723c751e8b465ee728b)  -> (artifact id: 'b6d1b90969d34cc7f09358c860bc7558') in 0.008008 seconds 
========================================================================
Received Import Request.
  Time since last request: 3.646090 seconds.
  path: Assets/1.Scene/HJB/2.Model
  artifactKey: Guid(5332a9e3b4b22f54e9f31ba0fa1693ad) Importer(815301076,1909f56bfc062723c751e8b465ee728b)
Start importing Assets/1.Scene/HJB/2.Model using Guid(5332a9e3b4b22f54e9f31ba0fa1693ad) Importer(815301076,1909f56bfc062723c751e8b465ee728b)  -> (artifact id: '8f1a122f04fac05bf2ac38ca21704c07') in 0.002227 seconds 
AssetImportWorkerClient::OnTransportError - code=2 error=End of file
